# JRE version: OpenJDK Runtime Environment Temurin-21.0.10+7 (21.0.10+7) (build 21.0.10+7-LTS)
# Java VM: OpenJDK 64-Bit Server VM Temurin-21.0.10+7 (21.0.10+7-LTS, mixed mode, sharing, tiered, compressed oops, compressed class ptrs, parallel gc, windows-amd64)
GC Precious Log:
 CardTable entry size: 512
 CPUs: 8 total, 8 available
 Memory: 8039M
 Large Page Support: Disabled
 NUMA Support: Disabled
 Compressed Oops: Enabled (32-bit)
 Alignments: Space 512K, Generation 512K, Heap 2M
 Heap Min Capacity: 100M
 Heap Initial Capacity: 100M
 Heap Max Capacity: 2G
 Pre-touch: Disabled
 Parallel Workers: 8
Heap:
 PSYoungGen      total 7680K, used 7648K [0x00000000d5580000, 0x00000000d6200000, 0x0000000100000000)
  eden space 6656K, 99% used [0x00000000d5580000,0x00000000d5bfc208,0x00000000d5c00000)
  from space 1024K, 98% used [0x00000000d5c80000,0x00000000d5d7bfa0,0x00000000d5d80000)
  to   space 3072K, 0% used [0x00000000d5f00000,0x00000000d5f00000,0x00000000d6200000)
 ParOldGen       total 1022976K, used 1022757K [0x0000000080000000, 0x00000000be700000, 0x00000000d5580000)
  object space 1022976K, 99% used [0x0000000080000000,0x00000000be6c97f0,0x00000000be700000)
 Metaspace       used 100641K, committed 102336K, reserved 1179648K
  class space    used 9798K, committed 10624K, reserved 1048576K
GC Heap History (20 events):
Event: 47112.532 GC heap before
{Heap before GC invocations=33008 (full 20):
 PSYoungGen      total 7680K, used 6912K [0x00000000d5580000, 0x00000000d6080000, 0x0000000100000000)
  eden space 6656K, 100% used [0x00000000d5580000,0x00000000d5c00000,0x00000000d5c00000)
  from space 1024K, 25% used [0x00000000d5e80000,0x00000000d5ec0000,0x00000000d5f80000)
  to   space 512K, 0% used [0x00000000d6000000,0x00000000d6000000,0x00000000d6080000)
 ParOldGen       total 1014272K, used 1014031K [0x0000000080000000, 0x00000000bde80000, 0x00000000d5580000)
  object space 1014272K, 99% used [0x0000000080000000,0x00000000bde43f70,0x00000000bde80000)
 Metaspace       used 100641K, committed 102336K, reserved 1179648K
  class space    used 9798K, committed 10624K, reserved 1048576K
}
Event: 47112.535 GC heap after
{Heap after GC invocations=33008 (full 20):
 PSYoungGen      total 7168K, used 192K [0x00000000d5580000, 0x00000000d6080000, 0x0000000100000000)
  eden space 6656K, 0% used [0x00000000d5580000,0x00000000d5580000,0x00000000d5c00000)
  from space 512K, 37% used [0x00000000d6000000,0x00000000d6030000,0x00000000d6080000)
  to   space 512K, 0% used [0x00000000d5f80000,0x00000000d5f80000,0x00000000d6000000)
 ParOldGen       total 1014272K, used 1014079K [0x0000000080000000, 0x00000000bde80000, 0x00000000d5580000)
  object space 1014272K, 99% used [0x0000000080000000,0x00000000bde4ff70,0x00000000bde80000)
 Metaspace       used 100641K, committed 102336K, reserved 1179648K
  class space    used 9798K, committed 10624K, reserved 1048576K
}
Event: 47112.562 GC heap before
{Heap before GC invocations=33009 (full 20):
 PSYoungGen      total 7168K, used 6848K [0x00000000d5580000, 0x00000000d6080000, 0x0000000100000000)
  eden space 6656K, 100% used [0x00000000d5580000,0x00000000d5c00000,0x00000000d5c00000)
  from space 512K, 37% used [0x00000000d6000000,0x00000000d6030000,0x00000000d6080000)
  to   space 512K, 0% used [0x00000000d5f80000,0x00000000d5f80000,0x00000000d6000000)
 ParOldGen       total 1014272K, used 1014079K [0x0000000080000000, 0x00000000bde80000, 0x00000000d5580000)
  object space 1014272K, 99% used [0x0000000080000000,0x00000000bde4ff70,0x00000000bde80000)
 Metaspace       used 100641K, committed 102336K, reserved 1179648K
  class space    used 9798K, committed 10624K, reserved 1048576K
}
Event: 47112.564 GC heap after
{Heap after GC invocations=33009 (full 20):
 PSYoungGen      total 7168K, used 504K [0x00000000d5580000, 0x00000000d6080000, 0x0000000100000000)
  eden space 6656K, 0% used [0x00000000d5580000,0x00000000d5580000,0x00000000d5c00000)
  from space 512K, 98% used [0x00000000d5f80000,0x00000000d5ffe1d8,0x00000000d6000000)
  to   space 512K, 0% used [0x00000000d6000000,0x00000000d6000000,0x00000000d6080000)
 ParOldGen       total 1014784K, used 1014759K [0x0000000080000000, 0x00000000bdf00000, 0x00000000d5580000)
  object space 1014784K, 99% used [0x0000000080000000,0x00000000bdef9f78,0x00000000bdf00000)
 Metaspace       used 100641K, committed 102336K, reserved 1179648K
  class space    used 9798K, committed 10624K, reserved 1048576K
}
Event: 47112.724 GC heap before
{Heap before GC invocations=33010 (full 20):
 PSYoungGen      total 7168K, used 7160K [0x00000000d5580000, 0x00000000d6080000, 0x0000000100000000)
  eden space 6656K, 100% used [0x00000000d5580000,0x00000000d5c00000,0x00000000d5c00000)
  from space 512K, 98% used [0x00000000d5f80000,0x00000000d5ffe1d8,0x00000000d6000000)
  to   space 512K, 0% used [0x00000000d6000000,0x00000000d6000000,0x00000000d6080000)
 ParOldGen       total 1014784K, used 1014759K [0x0000000080000000, 0x00000000bdf00000, 0x00000000d5580000)
  object space 1014784K, 99% used [0x0000000080000000,0x00000000bdef9f78,0x00000000bdf00000)
 Metaspace       used 100641K, committed 102336K, reserved 1179648K
  class space    used 9798K, committed 10624K, reserved 1048576K
}
Event: 47112.726 GC heap after
{Heap after GC invocations=33010 (full 20):
 PSYoungGen      total 7168K, used 511K [0x00000000d5580000, 0x00000000d6080000, 0x0000000100000000)
  eden space 6656K, 0% used [0x00000000d5580000,0x00000000d5580000,0x00000000d5c00000)
  from space 512K, 99% used [0x00000000d6000000,0x00000000d607fcf0,0x00000000d6080000)
  to   space 2048K, 0% used [0x00000000d5c80000,0x00000000d5c80000,0x00000000d5e80000)
 ParOldGen       total 1016320K, used 1015857K [0x0000000080000000, 0x00000000be080000, 0x00000000d5580000)
  object space 1016320K, 99% used [0x0000000080000000,0x00000000be00c7e0,0x00000000be080000)
 Metaspace       used 100641K, committed 102336K, reserved 1179648K
  class space    used 9798K, committed 10624K, reserved 1048576K
}
Event: 47112.744 GC heap before
{Heap before GC invocations=33011 (full 20):
 PSYoungGen      total 7168K, used 7164K [0x00000000d5580000, 0x00000000d6080000, 0x0000000100000000)
  eden space 6656K, 99% used [0x00000000d5580000,0x00000000d5bff4d8,0x00000000d5c00000)
  from space 512K, 99% used [0x00000000d6000000,0x00000000d607fcf0,0x00000000d6080000)
  to   space 2048K, 0% used [0x00000000d5c80000,0x00000000d5c80000,0x00000000d5e80000)
 ParOldGen       total 1016320K, used 1015857K [0x0000000080000000, 0x00000000be080000, 0x00000000d5580000)
  object space 1016320K, 99% used [0x0000000080000000,0x00000000be00c7e0,0x00000000be080000)
 Metaspace       used 100641K, committed 102336K, reserved 1179648K
  class space    used 9798K, committed 10624K, reserved 1048576K
}
Event: 47112.747 GC heap after
{Heap after GC invocations=33011 (full 20):
 PSYoungGen      total 8704K, used 2047K [0x00000000d5580000, 0x00000000d6200000, 0x0000000100000000)
  eden space 6656K, 0% used [0x00000000d5580000,0x00000000d5580000,0x00000000d5c00000)
  from space 2048K, 99% used [0x00000000d5c80000,0x00000000d5e7ffb8,0x00000000d5e80000)
  to   space 3072K, 0% used [0x00000000d5f00000,0x00000000d5f00000,0x00000000d6200000)
 ParOldGen       total 1016320K, used 1016309K [0x0000000080000000, 0x00000000be080000, 0x00000000d5580000)
  object space 1016320K, 99% used [0x0000000080000000,0x00000000be07d560,0x00000000be080000)
 Metaspace       used 100641K, committed 102336K, reserved 1179648K
  class space    used 9798K, committed 10624K, reserved 1048576K
}
Event: 47112.969 GC heap before
{Heap before GC invocations=33012 (full 20):
 PSYoungGen      total 8704K, used 8703K [0x00000000d5580000, 0x00000000d6200000, 0x0000000100000000)
  eden space 6656K, 100% used [0x00000000d5580000,0x00000000d5c00000,0x00000000d5c00000)
  from space 2048K, 99% used [0x00000000d5c80000,0x00000000d5e7ffb8,0x00000000d5e80000)
  to   space 3072K, 0% used [0x00000000d5f00000,0x00000000d5f00000,0x00000000d6200000)
 ParOldGen       total 1016320K, used 1016309K [0x0000000080000000, 0x00000000be080000, 0x00000000d5580000)
  object space 1016320K, 99% used [0x0000000080000000,0x00000000be07d560,0x00000000be080000)
 Metaspace       used 100641K, committed 102336K, reserved 1179648K
  class space    used 9798K, committed 10624K, reserved 1048576K
}
Event: 47112.974 GC heap after
{Heap after GC invocations=33012 (full 20):
 PSYoungGen      total 8192K, used 1406K [0x00000000d5580000, 0x00000000d6080000, 0x0000000100000000)
  eden space 6656K, 0% used [0x00000000d5580000,0x00000000d5580000,0x00000000d5c00000)
  from space 1536K, 91% used [0x00000000d5f00000,0x00000000d605f900,0x00000000d6080000)
  to   space 2048K, 0% used [0x00000000d5c80000,0x00000000d5c80000,0x00000000d5e80000)
 ParOldGen       total 1018368K, used 1018323K [0x0000000080000000, 0x00000000be280000, 0x00000000d5580000)
  object space 1018368K, 99% used [0x0000000080000000,0x00000000be274e38,0x00000000be280000)
 Metaspace       used 100641K, committed 102336K, reserved 1179648K
  class space    used 9798K, committed 10624K, reserved 1048576K
}
Event: 47113.013 GC heap before
{Heap before GC invocations=33013 (full 20):
 PSYoungGen      total 8192K, used 8062K [0x00000000d5580000, 0x00000000d6080000, 0x0000000100000000)
  eden space 6656K, 100% used [0x00000000d5580000,0x00000000d5c00000,0x00000000d5c00000)
  from space 1536K, 91% used [0x00000000d5f00000,0x00000000d605f900,0x00000000d6080000)
  to   space 2048K, 0% used [0x00000000d5c80000,0x00000000d5c80000,0x00000000d5e80000)
 ParOldGen       total 1018368K, used 1018323K [0x0000000080000000, 0x00000000be280000, 0x00000000d5580000)
  object space 1018368K, 99% used [0x0000000080000000,0x00000000be274e38,0x00000000be280000)
 Metaspace       used 100641K, committed 102336K, reserved 1179648K
  class space    used 9798K, committed 10624K, reserved 1048576K
}
Event: 47113.016 GC heap after
{Heap after GC invocations=33013 (full 20):
 PSYoungGen      total 8192K, used 1319K [0x00000000d5580000, 0x00000000d5f80000, 0x0000000100000000)
  eden space 6656K, 0% used [0x00000000d5580000,0x00000000d5580000,0x00000000d5c00000)
  from space 1536K, 85% used [0x00000000d5c80000,0x00000000d5dc9de0,0x00000000d5e00000)
  to   space 1536K, 0% used [0x00000000d5e00000,0x00000000d5e00000,0x00000000d5f80000)
 ParOldGen       total 1019904K, used 1019574K [0x0000000080000000, 0x00000000be400000, 0x00000000d5580000)
  object space 1019904K, 99% used [0x0000000080000000,0x00000000be3ad930,0x00000000be400000)
 Metaspace       used 100641K, committed 102336K, reserved 1179648K
  class space    used 9798K, committed 10624K, reserved 1048576K
}
Event: 47113.236 GC heap before
{Heap before GC invocations=33014 (full 20):
 PSYoungGen      total 8192K, used 7975K [0x00000000d5580000, 0x00000000d5f80000, 0x0000000100000000)
  eden space 6656K, 100% used [0x00000000d5580000,0x00000000d5c00000,0x00000000d5c00000)
  from space 1536K, 85% used [0x00000000d5c80000,0x00000000d5dc9de0,0x00000000d5e00000)
  to   space 1536K, 0% used [0x00000000d5e00000,0x00000000d5e00000,0x00000000d5f80000)
 ParOldGen       total 1019904K, used 1019574K [0x0000000080000000, 0x00000000be400000, 0x00000000d5580000)
  object space 1019904K, 99% used [0x0000000080000000,0x00000000be3ad930,0x00000000be400000)
 Metaspace       used 100641K, committed 102336K, reserved 1179648K
  class space    used 9798K, committed 10624K, reserved 1048576K
}
Event: 47113.240 GC heap after
{Heap after GC invocations=33014 (full 20):
 PSYoungGen      total 7168K, used 464K [0x00000000d5580000, 0x00000000d5e80000, 0x0000000100000000)
  eden space 6656K, 0% used [0x00000000d5580000,0x00000000d5580000,0x00000000d5c00000)
  from space 512K, 90% used [0x00000000d5e00000,0x00000000d5e743a0,0x00000000d5e80000)
  to   space 1024K, 0% used [0x00000000d5c80000,0x00000000d5c80000,0x00000000d5d80000)
 ParOldGen       total 1020928K, used 1020757K [0x0000000080000000, 0x00000000be500000, 0x00000000d5580000)
  object space 1020928K, 99% used [0x0000000080000000,0x00000000be4d5420,0x00000000be500000)
 Metaspace       used 100641K, committed 102336K, reserved 1179648K
  class space    used 9798K, committed 10624K, reserved 1048576K
}
Event: 47113.264 GC heap before
{Heap before GC invocations=33015 (full 20):
 PSYoungGen      total 7168K, used 7120K [0x00000000d5580000, 0x00000000d5e80000, 0x0000000100000000)
  eden space 6656K, 100% used [0x00000000d5580000,0x00000000d5c00000,0x00000000d5c00000)
  from space 512K, 90% used [0x00000000d5e00000,0x00000000d5e743a0,0x00000000d5e80000)
  to   space 1024K, 0% used [0x00000000d5c80000,0x00000000d5c80000,0x00000000d5d80000)
 ParOldGen       total 1020928K, used 1020757K [0x0000000080000000, 0x00000000be500000, 0x00000000d5580000)
  object space 1020928K, 99% used [0x0000000080000000,0x00000000be4d5420,0x00000000be500000)
 Metaspace       used 100641K, committed 102336K, reserved 1179648K
  class space    used 9798K, committed 10624K, reserved 1048576K
}
Event: 47113.268 GC heap after
{Heap after GC invocations=33015 (full 20):
 PSYoungGen      total 7680K, used 312K [0x00000000d5580000, 0x00000000d5e80000, 0x0000000100000000)
  eden space 6656K, 0% used [0x00000000d5580000,0x00000000d5580000,0x00000000d5c00000)
  from space 1024K, 30% used [0x00000000d5c80000,0x00000000d5cce1d0,0x00000000d5d80000)
  to   space 512K, 0% used [0x00000000d5e00000,0x00000000d5e00000,0x00000000d5e80000)
 ParOldGen       total 1020928K, used 1020893K [0x0000000080000000, 0x00000000be500000, 0x00000000d5580000)
  object space 1020928K, 99% used [0x0000000080000000,0x00000000be4f75f0,0x00000000be500000)
 Metaspace       used 100641K, committed 102336K, reserved 1179648K
  class space    used 9798K, committed 10624K, reserved 1048576K
}
Event: 47113.359 GC heap before
{Heap before GC invocations=33016 (full 20):
 PSYoungGen      total 7680K, used 6933K [0x00000000d5580000, 0x00000000d5e80000, 0x0000000100000000)
  eden space 6656K, 99% used [0x00000000d5580000,0x00000000d5bf7500,0x00000000d5c00000)
  from space 1024K, 30% used [0x00000000d5c80000,0x00000000d5cce1d0,0x00000000d5d80000)
  to   space 512K, 0% used [0x00000000d5e00000,0x00000000d5e00000,0x00000000d5e80000)
 ParOldGen       total 1020928K, used 1020893K [0x0000000080000000, 0x00000000be500000, 0x00000000d5580000)
  object space 1020928K, 99% used [0x0000000080000000,0x00000000be4f75f0,0x00000000be500000)
 Metaspace       used 100641K, committed 102336K, reserved 1179648K
  class space    used 9798K, committed 10624K, reserved 1048576K
}
Event: 47113.362 GC heap after
{Heap after GC invocations=33016 (full 20):
 PSYoungGen      total 7168K, used 504K [0x00000000d5580000, 0x00000000d5e80000, 0x0000000100000000)
  eden space 6656K, 0% used [0x00000000d5580000,0x00000000d5580000,0x00000000d5c00000)
  from space 512K, 98% used [0x00000000d5e00000,0x00000000d5e7e1d0,0x00000000d5e80000)
  to   space 1024K, 0% used [0x00000000d5c80000,0x00000000d5c80000,0x00000000d5d80000)
 ParOldGen       total 1021440K, used 1021268K [0x0000000080000000, 0x00000000be580000, 0x00000000d5580000)
  object space 1021440K, 99% used [0x0000000080000000,0x00000000be555188,0x00000000be580000)
 Metaspace       used 100641K, committed 102336K, reserved 1179648K
  class space    used 9798K, committed 10624K, reserved 1048576K
}
Event: 47113.393 GC heap before
{Heap before GC invocations=33017 (full 20):
 PSYoungGen      total 7168K, used 7160K [0x00000000d5580000, 0x00000000d5e80000, 0x0000000100000000)
  eden space 6656K, 100% used [0x00000000d5580000,0x00000000d5c00000,0x00000000d5c00000)
  from space 512K, 98% used [0x00000000d5e00000,0x00000000d5e7e1d0,0x00000000d5e80000)
  to   space 1024K, 0% used [0x00000000d5c80000,0x00000000d5c80000,0x00000000d5d80000)
 ParOldGen       total 1021440K, used 1021268K [0x0000000080000000, 0x00000000be580000, 0x00000000d5580000)
  object space 1021440K, 99% used [0x0000000080000000,0x00000000be555188,0x00000000be580000)
 Metaspace       used 100641K, committed 102336K, reserved 1179648K
  class space    used 9798K, committed 10624K, reserved 1048576K
}
Event: 47113.399 GC heap after
{Heap after GC invocations=33017 (full 20):
 PSYoungGen      total 7680K, used 1007K [0x00000000d5580000, 0x00000000d6200000, 0x0000000100000000)
  eden space 6656K, 0% used [0x00000000d5580000,0x00000000d5580000,0x00000000d5c00000)
  from space 1024K, 98% used [0x00000000d5c80000,0x00000000d5d7bfa0,0x00000000d5d80000)
  to   space 3072K, 0% used [0x00000000d5f00000,0x00000000d5f00000,0x00000000d6200000)
 ParOldGen       total 1022976K, used 1022757K [0x0000000080000000, 0x00000000be700000, 0x00000000d5580000)
  object space 1022976K, 99% used [0x0000000080000000,0x00000000be6c97f0,0x00000000be700000)
 Metaspace       used 100641K, committed 102336K, reserved 1179648K
  class space    used 9798K, committed 10624K, reserved 1048576K
}

